

Version:	3.12
CmdLine:	C:\Users\Luce\Documents\GitHub\Es\Bar\src\BAR.exe --l4j-debug
WOW64:		yes
Working dir:	C:\Users\Luce\Documents\GitHub\Es\Bar\src\.
Java min ver:	1.008.000_000
Java max ver:	1.009.000
64-bit search:	SOFTWARE\JavaSoft\Java Runtime Environment...
32-bit search:	SOFTWARE\JavaSoft\Java Runtime Environment...
Check:		SOFTWARE\JavaSoft\Java Runtime Environment\1.8
Ignore:		1.008.000
Check:		SOFTWARE\JavaSoft\Java Runtime Environment\1.8.0_251
Check launcher:	C:\Program Files (x86)\Java\jre1.8.0_251\bin\javaw.exe (OK)
Match:		1.008.000_251
64-bit search:	SOFTWARE\JavaSoft\Java Development Kit...
32-bit search:	SOFTWARE\JavaSoft\Java Development Kit...
64-bit search:	SOFTWARE\JavaSoft\JRE...
32-bit search:	SOFTWARE\JavaSoft\JRE...
64-bit search:	SOFTWARE\JavaSoft\JDK...
Check:		SOFTWARE\JavaSoft\JDK\10.0.1
Ignore:		1.010.000_001
Check:		SOFTWARE\JavaSoft\JDK\14.0.1
Ignore:		1.014.000_001
32-bit search:	SOFTWARE\JavaSoft\JDK...
Runtime used:	1.008.000_251 (32-bit)
Launcher:	C:\Program Files (x86)\Java\jre1.8.0_251\bin\javaw.exe
Launcher args:	-jar "C:\Users\Luce\Documents\GitHub\Es\Bar\src\BAR.exe"
Args length:	56/32768 chars
Exit code:	0


Version:	3.12
CmdLine:	C:\Users\Luce\Documents\GitHub\Es\Bar\src\BAR.exe --l4j-debug
WOW64:		yes
Working dir:	C:\Users\Luce\Documents\GitHub\Es\Bar\src\.
Java min ver:	1.008.000_000
Java max ver:	1.009.000
64-bit search:	SOFTWARE\JavaSoft\Java Runtime Environment...
32-bit search:	SOFTWARE\JavaSoft\Java Runtime Environment...
Check:		SOFTWARE\JavaSoft\Java Runtime Environment\1.8
Ignore:		1.008.000
Check:		SOFTWARE\JavaSoft\Java Runtime Environment\1.8.0_251
Check launcher:	C:\Program Files (x86)\Java\jre1.8.0_251\bin\javaw.exe (OK)
Match:		1.008.000_251
64-bit search:	SOFTWARE\JavaSoft\Java Development Kit...
32-bit search:	SOFTWARE\JavaSoft\Java Development Kit...
64-bit search:	SOFTWARE\JavaSoft\JRE...
32-bit search:	SOFTWARE\JavaSoft\JRE...
64-bit search:	SOFTWARE\JavaSoft\JDK...
Check:		SOFTWARE\JavaSoft\JDK\10.0.1
Ignore:		1.010.000_001
Check:		SOFTWARE\JavaSoft\JDK\14.0.1
Ignore:		1.014.000_001
32-bit search:	SOFTWARE\JavaSoft\JDK...
Runtime used:	1.008.000_251 (32-bit)
Launcher:	C:\Program Files (x86)\Java\jre1.8.0_251\bin\javaw.exe
Launcher args:	-jar "C:\Users\Luce\Documents\GitHub\Es\Bar\src\BAR.exe"
Args length:	56/32768 chars
Exit code:	0


Version:	3.12
CmdLine:	C:\Users\Luce\Documents\GitHub\Es\Bar\src\BAR.exe --l4j-debug
WOW64:		yes
Working dir:	C:\Users\Luce\Documents\GitHub\Es\Bar\src\.
Java min ver:	1.008.000_000
Java max ver:	1.009.000
64-bit search:	SOFTWARE\JavaSoft\Java Runtime Environment...
32-bit search:	SOFTWARE\JavaSoft\Java Runtime Environment...
Check:		SOFTWARE\JavaSoft\Java Runtime Environment\1.8
Ignore:		1.008.000
Check:		SOFTWARE\JavaSoft\Java Runtime Environment\1.8.0_251
Check launcher:	C:\Program Files (x86)\Java\jre1.8.0_251\bin\javaw.exe (OK)
Match:		1.008.000_251
64-bit search:	SOFTWARE\JavaSoft\Java Development Kit...
32-bit search:	SOFTWARE\JavaSoft\Java Development Kit...
64-bit search:	SOFTWARE\JavaSoft\JRE...
32-bit search:	SOFTWARE\JavaSoft\JRE...
64-bit search:	SOFTWARE\JavaSoft\JDK...
Check:		SOFTWARE\JavaSoft\JDK\10.0.1
Ignore:		1.010.000_001
Check:		SOFTWARE\JavaSoft\JDK\14.0.1
Ignore:		1.014.000_001
32-bit search:	SOFTWARE\JavaSoft\JDK...
Runtime used:	1.008.000_251 (32-bit)
Launcher:	C:\Program Files (x86)\Java\jre1.8.0_251\bin\javaw.exe
Launcher args:	-jar "C:\Users\Luce\Documents\GitHub\Es\Bar\src\BAR.exe"
Args length:	56/32768 chars
Exit code:	0


Version:	3.12
CmdLine:	C:\Users\Luce\Documents\GitHub\Es\Bar\src\BAR.exe --l4j-debug
WOW64:		yes
Working dir:	C:\Users\Luce\Documents\GitHub\Es\Bar\src\.
Java min ver:	1.008.000_000
Java max ver:	1.009.000
64-bit search:	SOFTWARE\JavaSoft\Java Runtime Environment...
32-bit search:	SOFTWARE\JavaSoft\Java Runtime Environment...
Check:		SOFTWARE\JavaSoft\Java Runtime Environment\1.8
Ignore:		1.008.000
Check:		SOFTWARE\JavaSoft\Java Runtime Environment\1.8.0_251
Check launcher:	C:\Program Files (x86)\Java\jre1.8.0_251\bin\javaw.exe (OK)
Match:		1.008.000_251
64-bit search:	SOFTWARE\JavaSoft\Java Development Kit...
32-bit search:	SOFTWARE\JavaSoft\Java Development Kit...
64-bit search:	SOFTWARE\JavaSoft\JRE...
32-bit search:	SOFTWARE\JavaSoft\JRE...
64-bit search:	SOFTWARE\JavaSoft\JDK...
Check:		SOFTWARE\JavaSoft\JDK\10.0.1
Ignore:		1.010.000_001
Check:		SOFTWARE\JavaSoft\JDK\14.0.1
Ignore:		1.014.000_001
32-bit search:	SOFTWARE\JavaSoft\JDK...
Runtime used:	1.008.000_251 (32-bit)
Launcher:	C:\Program Files (x86)\Java\jre1.8.0_251\bin\javaw.exe
Launcher args:	-jar "C:\Users\Luce\Documents\GitHub\Es\Bar\src\BAR.exe"
Args length:	56/32768 chars
Exit code:	0


Version:	3.12
CmdLine:	C:\Users\Luce\Documents\GitHub\Es\Bar\src\BAR.exe --l4j-debug
WOW64:		yes
Working dir:	C:\Users\Luce\Documents\GitHub\Es\Bar\src\.
Java min ver:	1.008.000_000
Java max ver:	1.009.000
64-bit search:	SOFTWARE\JavaSoft\Java Runtime Environment...
32-bit search:	SOFTWARE\JavaSoft\Java Runtime Environment...
Check:		SOFTWARE\JavaSoft\Java Runtime Environment\1.8
Ignore:		1.008.000
Check:		SOFTWARE\JavaSoft\Java Runtime Environment\1.8.0_251
Check launcher:	C:\Program Files (x86)\Java\jre1.8.0_251\bin\javaw.exe (OK)
Match:		1.008.000_251
64-bit search:	SOFTWARE\JavaSoft\Java Development Kit...
32-bit search:	SOFTWARE\JavaSoft\Java Development Kit...
64-bit search:	SOFTWARE\JavaSoft\JRE...
32-bit search:	SOFTWARE\JavaSoft\JRE...
64-bit search:	SOFTWARE\JavaSoft\JDK...
Check:		SOFTWARE\JavaSoft\JDK\10.0.1
Ignore:		1.010.000_001
Check:		SOFTWARE\JavaSoft\JDK\14.0.1
Ignore:		1.014.000_001
32-bit search:	SOFTWARE\JavaSoft\JDK...
Runtime used:	1.008.000_251 (32-bit)
Launcher:	C:\Program Files (x86)\Java\jre1.8.0_251\bin\javaw.exe
Launcher args:	-jar "C:\Users\Luce\Documents\GitHub\Es\Bar\src\BAR.exe"
Args length:	56/32768 chars
Exit code:	0


Version:	3.12
CmdLine:	C:\Users\Luce\Documents\GitHub\Es\Bar\src\BAR.exe --l4j-debug
WOW64:		yes
Working dir:	C:\Users\Luce\Documents\GitHub\Es\Bar\src\.
Java min ver:	1.008.000_000
Java max ver:	1.009.000
64-bit search:	SOFTWARE\JavaSoft\Java Runtime Environment...
32-bit search:	SOFTWARE\JavaSoft\Java Runtime Environment...
Check:		SOFTWARE\JavaSoft\Java Runtime Environment\1.8
Ignore:		1.008.000
Check:		SOFTWARE\JavaSoft\Java Runtime Environment\1.8.0_251
Check launcher:	C:\Program Files (x86)\Java\jre1.8.0_251\bin\javaw.exe (OK)
Match:		1.008.000_251
64-bit search:	SOFTWARE\JavaSoft\Java Development Kit...
32-bit search:	SOFTWARE\JavaSoft\Java Development Kit...
64-bit search:	SOFTWARE\JavaSoft\JRE...
32-bit search:	SOFTWARE\JavaSoft\JRE...
64-bit search:	SOFTWARE\JavaSoft\JDK...
Check:		SOFTWARE\JavaSoft\JDK\10.0.1
Ignore:		1.010.000_001
Check:		SOFTWARE\JavaSoft\JDK\14.0.1
Ignore:		1.014.000_001
32-bit search:	SOFTWARE\JavaSoft\JDK...
Runtime used:	1.008.000_251 (32-bit)
Launcher:	C:\Program Files (x86)\Java\jre1.8.0_251\bin\javaw.exe
Launcher args:	-jar "C:\Users\Luce\Documents\GitHub\Es\Bar\src\BAR.exe"
Args length:	56/32768 chars
Exit code:	0


Version:	3.12
CmdLine:	C:\Users\Luce\Documents\GitHub\Es\Bar\src\BAR.exe --l4j-debug
WOW64:		yes
Working dir:	C:\Users\Luce\Documents\GitHub\Es\Bar\src\.
Java min ver:	1.008.000_000
Java max ver:	1.009.000
64-bit search:	SOFTWARE\JavaSoft\Java Runtime Environment...
32-bit search:	SOFTWARE\JavaSoft\Java Runtime Environment...
Check:		SOFTWARE\JavaSoft\Java Runtime Environment\1.8
Ignore:		1.008.000
Check:		SOFTWARE\JavaSoft\Java Runtime Environment\1.8.0_251
Check launcher:	C:\Program Files (x86)\Java\jre1.8.0_251\bin\javaw.exe (OK)
Match:		1.008.000_251
64-bit search:	SOFTWARE\JavaSoft\Java Development Kit...
32-bit search:	SOFTWARE\JavaSoft\Java Development Kit...
64-bit search:	SOFTWARE\JavaSoft\JRE...
32-bit search:	SOFTWARE\JavaSoft\JRE...
64-bit search:	SOFTWARE\JavaSoft\JDK...
Check:		SOFTWARE\JavaSoft\JDK\10.0.1
Ignore:		1.010.000_001
Check:		SOFTWARE\JavaSoft\JDK\14.0.1
Ignore:		1.014.000_001
32-bit search:	SOFTWARE\JavaSoft\JDK...
Runtime used:	1.008.000_251 (32-bit)
Launcher:	C:\Program Files (x86)\Java\jre1.8.0_251\bin\javaw.exe
Launcher args:	-jar "C:\Users\Luce\Documents\GitHub\Es\Bar\src\BAR.exe"
Args length:	56/32768 chars
Exit code:	0


Version:	3.12
CmdLine:	C:\Users\Luce\Documents\GitHub\Es\Bar\src\BAR.exe --l4j-debug
WOW64:		yes
Working dir:	C:\Users\Luce\Documents\GitHub\Es\Bar\src\.
Java min ver:	1.008.000_000
Java max ver:	1.009.000
64-bit search:	SOFTWARE\JavaSoft\Java Runtime Environment...
32-bit search:	SOFTWARE\JavaSoft\Java Runtime Environment...
Check:		SOFTWARE\JavaSoft\Java Runtime Environment\1.8
Ignore:		1.008.000
Check:		SOFTWARE\JavaSoft\Java Runtime Environment\1.8.0_251
Check launcher:	C:\Program Files (x86)\Java\jre1.8.0_251\bin\javaw.exe (OK)
Match:		1.008.000_251
64-bit search:	SOFTWARE\JavaSoft\Java Development Kit...
32-bit search:	SOFTWARE\JavaSoft\Java Development Kit...
64-bit search:	SOFTWARE\JavaSoft\JRE...
32-bit search:	SOFTWARE\JavaSoft\JRE...
64-bit search:	SOFTWARE\JavaSoft\JDK...
Check:		SOFTWARE\JavaSoft\JDK\10.0.1
Ignore:		1.010.000_001
Check:		SOFTWARE\JavaSoft\JDK\14.0.1
Ignore:		1.014.000_001
32-bit search:	SOFTWARE\JavaSoft\JDK...
Runtime used:	1.008.000_251 (32-bit)
Launcher:	C:\Program Files (x86)\Java\jre1.8.0_251\bin\javaw.exe
Launcher args:	-jar "C:\Users\Luce\Documents\GitHub\Es\Bar\src\BAR.exe"
Args length:	56/32768 chars
Exit code:	0


Version:	3.12
CmdLine:	C:\Users\Luce\Documents\GitHub\Es\Bar\src\BAR.exe --l4j-debug
WOW64:		yes
Working dir:	C:\Users\Luce\Documents\GitHub\Es\Bar\src\.
Java min ver:	1.008.000_000
Java max ver:	1.009.000
64-bit search:	SOFTWARE\JavaSoft\Java Runtime Environment...
32-bit search:	SOFTWARE\JavaSoft\Java Runtime Environment...
Check:		SOFTWARE\JavaSoft\Java Runtime Environment\1.8
Ignore:		1.008.000
Check:		SOFTWARE\JavaSoft\Java Runtime Environment\1.8.0_251
Check launcher:	C:\Program Files (x86)\Java\jre1.8.0_251\bin\javaw.exe (OK)
Match:		1.008.000_251
64-bit search:	SOFTWARE\JavaSoft\Java Development Kit...
32-bit search:	SOFTWARE\JavaSoft\Java Development Kit...
64-bit search:	SOFTWARE\JavaSoft\JRE...
32-bit search:	SOFTWARE\JavaSoft\JRE...
64-bit search:	SOFTWARE\JavaSoft\JDK...
Check:		SOFTWARE\JavaSoft\JDK\10.0.1
Ignore:		1.010.000_001
Check:		SOFTWARE\JavaSoft\JDK\14.0.1
Ignore:		1.014.000_001
32-bit search:	SOFTWARE\JavaSoft\JDK...
Runtime used:	1.008.000_251 (32-bit)
Launcher:	C:\Program Files (x86)\Java\jre1.8.0_251\bin\javaw.exe
Launcher args:	-jar "C:\Users\Luce\Documents\GitHub\Es\Bar\src\BAR.exe"
Args length:	56/32768 chars
Exit code:	0


Version:	3.12
CmdLine:	C:\Users\Luce\Documents\GitHub\Es\Bar\src\BAR.exe --l4j-debug
WOW64:		yes
Working dir:	C:\Users\Luce\Documents\GitHub\Es\Bar\src\.
Java min ver:	1.008.000_000
Java max ver:	1.009.000
64-bit search:	SOFTWARE\JavaSoft\Java Runtime Environment...
32-bit search:	SOFTWARE\JavaSoft\Java Runtime Environment...
Check:		SOFTWARE\JavaSoft\Java Runtime Environment\1.8
Ignore:		1.008.000
Check:		SOFTWARE\JavaSoft\Java Runtime Environment\1.8.0_251
Check launcher:	C:\Program Files (x86)\Java\jre1.8.0_251\bin\javaw.exe (OK)
Match:		1.008.000_251
64-bit search:	SOFTWARE\JavaSoft\Java Development Kit...
32-bit search:	SOFTWARE\JavaSoft\Java Development Kit...
64-bit search:	SOFTWARE\JavaSoft\JRE...
32-bit search:	SOFTWARE\JavaSoft\JRE...
64-bit search:	SOFTWARE\JavaSoft\JDK...
Check:		SOFTWARE\JavaSoft\JDK\10.0.1
Ignore:		1.010.000_001
Check:		SOFTWARE\JavaSoft\JDK\14.0.1
Ignore:		1.014.000_001
32-bit search:	SOFTWARE\JavaSoft\JDK...
Runtime used:	1.008.000_251 (32-bit)
Launcher:	C:\Program Files (x86)\Java\jre1.8.0_251\bin\javaw.exe
Launcher args:	-jar "C:\Users\Luce\Documents\GitHub\Es\Bar\src\BAR.exe"
Args length:	56/32768 chars
Exit code:	0


Version:	3.12
CmdLine:	C:\Users\Luce\Documents\GitHub\Es\Bar\src\BAR.exe --l4j-debug
WOW64:		yes
Working dir:	C:\Users\Luce\Documents\GitHub\Es\Bar\src\.
Java min ver:	1.008.000_000
Java max ver:	1.009.000
64-bit search:	SOFTWARE\JavaSoft\Java Runtime Environment...
32-bit search:	SOFTWARE\JavaSoft\Java Runtime Environment...
Check:		SOFTWARE\JavaSoft\Java Runtime Environment\1.8
Ignore:		1.008.000
Check:		SOFTWARE\JavaSoft\Java Runtime Environment\1.8.0_251
Check launcher:	C:\Program Files (x86)\Java\jre1.8.0_251\bin\javaw.exe (OK)
Match:		1.008.000_251
64-bit search:	SOFTWARE\JavaSoft\Java Development Kit...
32-bit search:	SOFTWARE\JavaSoft\Java Development Kit...
64-bit search:	SOFTWARE\JavaSoft\JRE...
32-bit search:	SOFTWARE\JavaSoft\JRE...
64-bit search:	SOFTWARE\JavaSoft\JDK...
Check:		SOFTWARE\JavaSoft\JDK\10.0.1
Ignore:		1.010.000_001
Check:		SOFTWARE\JavaSoft\JDK\14.0.1
Ignore:		1.014.000_001
32-bit search:	SOFTWARE\JavaSoft\JDK...
Runtime used:	1.008.000_251 (32-bit)
Launcher:	C:\Program Files (x86)\Java\jre1.8.0_251\bin\javaw.exe
Launcher args:	-jar "C:\Users\Luce\Documents\GitHub\Es\Bar\src\BAR.exe"
Args length:	56/32768 chars
Exit code:	0


Version:	3.12
CmdLine:	C:\Users\Luce\Documents\GitHub\Es\Bar\src\BAR.exe --l4j-debug
WOW64:		yes
Working dir:	C:\Users\Luce\Documents\GitHub\Es\Bar\src\.
Java min ver:	1.008.000_000
Java max ver:	1.009.000
64-bit search:	SOFTWARE\JavaSoft\Java Runtime Environment...
32-bit search:	SOFTWARE\JavaSoft\Java Runtime Environment...
Check:		SOFTWARE\JavaSoft\Java Runtime Environment\1.8
Ignore:		1.008.000
Check:		SOFTWARE\JavaSoft\Java Runtime Environment\1.8.0_251
Check launcher:	C:\Program Files (x86)\Java\jre1.8.0_251\bin\javaw.exe (OK)
Match:		1.008.000_251
64-bit search:	SOFTWARE\JavaSoft\Java Development Kit...
32-bit search:	SOFTWARE\JavaSoft\Java Development Kit...
64-bit search:	SOFTWARE\JavaSoft\JRE...
32-bit search:	SOFTWARE\JavaSoft\JRE...
64-bit search:	SOFTWARE\JavaSoft\JDK...
Check:		SOFTWARE\JavaSoft\JDK\10.0.1
Ignore:		1.010.000_001
Check:		SOFTWARE\JavaSoft\JDK\14.0.1
Ignore:		1.014.000_001
32-bit search:	SOFTWARE\JavaSoft\JDK...
Runtime used:	1.008.000_251 (32-bit)
Launcher:	C:\Program Files (x86)\Java\jre1.8.0_251\bin\javaw.exe
Launcher args:	-jar "C:\Users\Luce\Documents\GitHub\Es\Bar\src\BAR.exe"
Args length:	56/32768 chars
Exit code:	0


Version:	3.12
CmdLine:	C:\Users\Luce\Documents\GitHub\Es\Bar\src\BAR.exe --l4j-debug
WOW64:		yes
Working dir:	C:\Users\Luce\Documents\GitHub\Es\Bar\src\.
Java min ver:	1.008.000_000
Java max ver:	1.009.000
64-bit search:	SOFTWARE\JavaSoft\Java Runtime Environment...
32-bit search:	SOFTWARE\JavaSoft\Java Runtime Environment...
Check:		SOFTWARE\JavaSoft\Java Runtime Environment\1.8
Ignore:		1.008.000
Check:		SOFTWARE\JavaSoft\Java Runtime Environment\1.8.0_251
Check launcher:	C:\Program Files (x86)\Java\jre1.8.0_251\bin\javaw.exe (OK)
Match:		1.008.000_251
64-bit search:	SOFTWARE\JavaSoft\Java Development Kit...
32-bit search:	SOFTWARE\JavaSoft\Java Development Kit...
64-bit search:	SOFTWARE\JavaSoft\JRE...
32-bit search:	SOFTWARE\JavaSoft\JRE...
64-bit search:	SOFTWARE\JavaSoft\JDK...
Check:		SOFTWARE\JavaSoft\JDK\10.0.1
Ignore:		1.010.000_001
Check:		SOFTWARE\JavaSoft\JDK\14.0.1
Ignore:		1.014.000_001
32-bit search:	SOFTWARE\JavaSoft\JDK...
Runtime used:	1.008.000_251 (32-bit)
Launcher:	C:\Program Files (x86)\Java\jre1.8.0_251\bin\javaw.exe
Launcher args:	-jar "C:\Users\Luce\Documents\GitHub\Es\Bar\src\BAR.exe"
Args length:	56/32768 chars
Exit code:	0


Version:	3.12
CmdLine:	C:\Users\Luce\Documents\GitHub\Es\Bar\src\BAR.exe --l4j-debug
WOW64:		yes
Working dir:	C:\Users\Luce\Documents\GitHub\Es\Bar\src\.
Java min ver:	1.008.000_000
Java max ver:	1.009.000
64-bit search:	SOFTWARE\JavaSoft\Java Runtime Environment...
32-bit search:	SOFTWARE\JavaSoft\Java Runtime Environment...
Check:		SOFTWARE\JavaSoft\Java Runtime Environment\1.8
Ignore:		1.008.000
Check:		SOFTWARE\JavaSoft\Java Runtime Environment\1.8.0_251
Check launcher:	C:\Program Files (x86)\Java\jre1.8.0_251\bin\javaw.exe (OK)
Match:		1.008.000_251
64-bit search:	SOFTWARE\JavaSoft\Java Development Kit...
32-bit search:	SOFTWARE\JavaSoft\Java Development Kit...
64-bit search:	SOFTWARE\JavaSoft\JRE...
32-bit search:	SOFTWARE\JavaSoft\JRE...
64-bit search:	SOFTWARE\JavaSoft\JDK...
Check:		SOFTWARE\JavaSoft\JDK\10.0.1
Ignore:		1.010.000_001
Check:		SOFTWARE\JavaSoft\JDK\14.0.1
Ignore:		1.014.000_001
32-bit search:	SOFTWARE\JavaSoft\JDK...
Runtime used:	1.008.000_251 (32-bit)
Launcher:	C:\Program Files (x86)\Java\jre1.8.0_251\bin\javaw.exe
Launcher args:	-jar "C:\Users\Luce\Documents\GitHub\Es\Bar\src\BAR.exe"
Args length:	56/32768 chars
Exit code:	0
